# JRE version: Java(TM) SE Runtime Environment (8.0_172-b11) (build 1.8.0_172-b11)
# Java VM: Java HotSpot(TM) Client VM (25.172-b11 mixed mode, sharing windows-x86 )
Heap:
 def new generation   total 8640K, used 3865K [0x04800000, 0x05160000, 0x09d50000)
  eden space 7680K,  43% used [0x04800000, 0x04b3ece8, 0x04f80000)
  from space 960K,  56% used [0x04f80000, 0x05007ab8, 0x05070000)
  to   space 960K,   0% used [0x05070000, 0x05070000, 0x05160000)
 tenured generation   total 19080K, used 13362K [0x09d50000, 0x0aff2000, 0x14800000)
   the space 19080K,  70% used [0x09d50000, 0x0aa5cbc8, 0x0aa5cc00, 0x0aff2000)
 Metaspace       used 2101K, capacity 2841K, committed 2880K, reserved 4480K
GC Heap History (10 events):
Event: 359.777 GC heap before
{Heap before GC invocations=18 (full 1):
 def new generation   total 8640K, used 8205K [0x04800000, 0x05160000, 0x09d50000)
  eden space 7680K, 100% used [0x04800000, 0x04f80000, 0x04f80000)
  from space 960K,  54% used [0x05070000, 0x050f3600, 0x05160000)
  to   space 960K,   0% used [0x04f80000, 0x04f80000, 0x05070000)
 tenured generation   total 19080K, used 13216K [0x09d50000, 0x0aff2000, 0x14800000)
   the space 19080K,  69% used [0x09d50000, 0x0aa38130, 0x0aa38200, 0x0aff2000)
 Metaspace       used 2070K, capacity 2809K, committed 2880K, reserved 4480K
Event: 359.779 GC heap after
Heap after GC invocations=19 (full 1):
 def new generation   total 8640K, used 410K [0x04800000, 0x05160000, 0x09d50000)
  eden space 7680K,   0% used [0x04800000, 0x04800000, 0x04f80000)
  from space 960K,  42% used [0x04f80000, 0x04fe6b90, 0x05070000)
  to   space 960K,   0% used [0x05070000, 0x05070000, 0x05160000)
 tenured generation   total 19080K, used 13355K [0x09d50000, 0x0aff2000, 0x14800000)
   the space 19080K,  69% used [0x09d50000, 0x0aa5aeb8, 0x0aa5b000, 0x0aff2000)
 Metaspace       used 2070K, capacity 2809K, committed 2880K, reserved 4480K
}
Event: 377.394 GC heap before
{Heap before GC invocations=19 (full 1):
 def new generation   total 8640K, used 8090K [0x04800000, 0x05160000, 0x09d50000)
  eden space 7680K, 100% used [0x04800000, 0x04f80000, 0x04f80000)
  from space 960K,  42% used [0x04f80000, 0x04fe6b90, 0x05070000)
  to   space 960K,   0% used [0x05070000, 0x05070000, 0x05160000)
 tenured generation   total 19080K, used 13355K [0x09d50000, 0x0aff2000, 0x14800000)
   the space 19080K,  69% used [0x09d50000, 0x0aa5aeb8, 0x0aa5b000, 0x0aff2000)
 Metaspace       used 2070K, capacity 2809K, committed 2880K, reserved 4480K
Event: 377.395 GC heap after
Heap after GC invocations=20 (full 1):
 def new generation   total 8640K, used 328K [0x04800000, 0x05160000, 0x09d50000)
  eden space 7680K,   0% used [0x04800000, 0x04800000, 0x04f80000)
  from space 960K,  34% used [0x05070000, 0x050c20b0, 0x05160000)
  to   space 960K,   0% used [0x04f80000, 0x04f80000, 0x05070000)
 tenured generation   total 19080K, used 13355K [0x09d50000, 0x0aff2000, 0x14800000)
   the space 19080K,  69% used [0x09d50000, 0x0aa5aeb8, 0x0aa5b000, 0x0aff2000)
 Metaspace       used 2070K, capacity 2809K, committed 2880K, reserved 4480K
}
Event: 397.020 GC heap before
{Heap before GC invocations=20 (full 1):
 def new generation   total 8640K, used 8008K [0x04800000, 0x05160000, 0x09d50000)
  eden space 7680K, 100% used [0x04800000, 0x04f80000, 0x04f80000)
  from space 960K,  34% used [0x05070000, 0x050c20b0, 0x05160000)
  to   space 960K,   0% used [0x04f80000, 0x04f80000, 0x05070000)
 tenured generation   total 19080K, used 13355K [0x09d50000, 0x0aff2000, 0x14800000)
   the space 19080K,  69% used [0x09d50000, 0x0aa5aeb8, 0x0aa5b000, 0x0aff2000)
 Metaspace       used 2070K, capacity 2809K, committed 2880K, reserved 4480K
Event: 397.021 GC heap after
Heap after GC invocations=21 (full 1):
 def new generation   total 8640K, used 405K [0x04800000, 0x05160000, 0x09d50000)
  eden space 7680K,   0% used [0x04800000, 0x04800000, 0x04f80000)
  from space 960K,  42% used [0x04f80000, 0x04fe57a8, 0x05070000)
  to   space 960K,   0% used [0x05070000, 0x05070000, 0x05160000)
 tenured generation   total 19080K, used 13355K [0x09d50000, 0x0aff2000, 0x14800000)
   the space 19080K,  69% used [0x09d50000, 0x0aa5aeb8, 0x0aa5b000, 0x0aff2000)
 Metaspace       used 2070K, capacity 2809K, committed 2880K, reserved 4480K
}
Event: 425.356 GC heap before
{Heap before GC invocations=21 (full 1):
 def new generation   total 8640K, used 8085K [0x04800000, 0x05160000, 0x09d50000)
  eden space 7680K, 100% used [0x04800000, 0x04f80000, 0x04f80000)
  from space 960K,  42% used [0x04f80000, 0x04fe57a8, 0x05070000)
  to   space 960K,   0% used [0x05070000, 0x05070000, 0x05160000)
 tenured generation   total 19080K, used 13355K [0x09d50000, 0x0aff2000, 0x14800000)
   the space 19080K,  69% used [0x09d50000, 0x0aa5aeb8, 0x0aa5b000, 0x0aff2000)
 Metaspace       used 2080K, capacity 2809K, committed 2880K, reserved 4480K
Event: 425.358 GC heap after
Heap after GC invocations=22 (full 1):
 def new generation   total 8640K, used 481K [0x04800000, 0x05160000, 0x09d50000)
  eden space 7680K,   0% used [0x04800000, 0x04800000, 0x04f80000)
  from space 960K,  50% used [0x05070000, 0x050e8590, 0x05160000)
  to   space 960K,   0% used [0x04f80000, 0x04f80000, 0x05070000)
 tenured generation   total 19080K, used 13355K [0x09d50000, 0x0aff2000, 0x14800000)
   the space 19080K,  69% used [0x09d50000, 0x0aa5aeb8, 0x0aa5b000, 0x0aff2000)
 Metaspace       used 2080K, capacity 2809K, committed 2880K, reserved 4480K
}
Event: 438.701 GC heap before
{Heap before GC invocations=22 (full 1):
 def new generation   total 8640K, used 8161K [0x04800000, 0x05160000, 0x09d50000)
  eden space 7680K, 100% used [0x04800000, 0x04f80000, 0x04f80000)
  from space 960K,  50% used [0x05070000, 0x050e8590, 0x05160000)
  to   space 960K,   0% used [0x04f80000, 0x04f80000, 0x05070000)
 tenured generation   total 19080K, used 13355K [0x09d50000, 0x0aff2000, 0x14800000)
   the space 19080K,  69% used [0x09d50000, 0x0aa5aeb8, 0x0aa5b000, 0x0aff2000)
 Metaspace       used 2101K, capacity 2841K, committed 2880K, reserved 4480K
Event: 438.703 GC heap after
Heap after GC invocations=23 (full 1):
 def new generation   total 8640K, used 542K [0x04800000, 0x05160000, 0x09d50000)
  eden space 7680K,   0% used [0x04800000, 0x04800000, 0x04f80000)
  from space 960K,  56% used [0x04f80000, 0x05007ab8, 0x05070000)
  to   space 960K,   0% used [0x05070000, 0x05070000, 0x05160000)
 tenured generation   total 19080K, used 13362K [0x09d50000, 0x0aff2000, 0x14800000)
   the space 19080K,  70% used [0x09d50000, 0x0aa5cbc8, 0x0aa5cc00, 0x0aff2000)
 Metaspace       used 2101K, capacity 2841K, committed 2880K, reserved 4480K
}

