# JRE version: Java(TM) SE Runtime Environment (8.0_172-b11) (build 1.8.0_172-b11)
# Java VM: Java HotSpot(TM) Client VM (25.172-b11 mixed mode, sharing windows-x86 )
Heap:
 def new generation   total 5184K, used 2817K [0x04400000, 0x04990000, 0x09950000)
  eden space 4672K,  50% used [0x04400000, 0x046487f0, 0x04890000)
  from space 512K,  93% used [0x04910000, 0x04987fb0, 0x04990000)
  to   space 512K,   0% used [0x04890000, 0x04890000, 0x04910000)
 tenured generation   total 19464K, used 14914K [0x09950000, 0x0ac52000, 0x14400000)
   the space 19464K,  76% used [0x09950000, 0x0a7e0868, 0x0a7e0a00, 0x0ac52000)
 Metaspace       used 2251K, capacity 3398K, committed 3520K, reserved 4480K
GC Heap History (10 events):
Event: 5.949 GC heap before
{Heap before GC invocations=2 (full 0):
 def new generation   total 4928K, used 3488K [0x04400000, 0x04950000, 0x09950000)
  eden space 4416K,  67% used [0x04400000, 0x046e83c8, 0x04850000)
  from space 512K, 100% used [0x04850000, 0x048d0000, 0x048d0000)
  to   space 512K,   0% used [0x048d0000, 0x048d0000, 0x04950000)
 tenured generation   total 10944K, used 2280K [0x09950000, 0x0a400000, 0x14400000)
   the space 10944K,  20% used [0x09950000, 0x09b8a368, 0x09b8a400, 0x0a400000)
 Metaspace       used 1977K, capacity 3264K, committed 3392K, reserved 4480K
Event: 5.953 GC heap after
Heap after GC invocations=3 (full 0):
 def new generation   total 4928K, used 203K [0x04400000, 0x04950000, 0x09950000)
  eden space 4416K,   0% used [0x04400000, 0x04400000, 0x04850000)
  from space 512K,  39% used [0x048d0000, 0x04902e68, 0x04950000)
  to   space 512K,   0% used [0x04850000, 0x04850000, 0x048d0000)
 tenured generation   total 10944K, used 3664K [0x09950000, 0x0a400000, 0x14400000)
   the space 10944K,  33% used [0x09950000, 0x09ce4028, 0x09ce4200, 0x0a400000)
 Metaspace       used 1977K, capacity 3264K, committed 3392K, reserved 4480K
}
Event: 15.059 GC heap before
{Heap before GC invocations=3 (full 0):
 def new generation   total 4928K, used 4619K [0x04400000, 0x04950000, 0x09950000)
  eden space 4416K, 100% used [0x04400000, 0x04850000, 0x04850000)
  from space 512K,  39% used [0x048d0000, 0x04902e68, 0x04950000)
  to   space 512K,   0% used [0x04850000, 0x04850000, 0x048d0000)
 tenured generation   total 10944K, used 3664K [0x09950000, 0x0a400000, 0x14400000)
   the space 10944K,  33% used [0x09950000, 0x09ce4028, 0x09ce4200, 0x0a400000)
 Metaspace       used 1981K, capacity 3264K, committed 3392K, reserved 4480K
Event: 15.064 GC heap after
Heap after GC invocations=4 (full 0):
 def new generation   total 4928K, used 193K [0x04400000, 0x04950000, 0x09950000)
  eden space 4416K,   0% used [0x04400000, 0x04400000, 0x04850000)
  from space 512K,  37% used [0x04850000, 0x04880708, 0x048d0000)
  to   space 512K,   0% used [0x048d0000, 0x048d0000, 0x04950000)
 tenured generation   total 10944K, used 5404K [0x09950000, 0x0a400000, 0x14400000)
   the space 10944K,  49% used [0x09950000, 0x09e973b0, 0x09e97400, 0x0a400000)
 Metaspace       used 1981K, capacity 3264K, committed 3392K, reserved 4480K
}
Event: 16.366 GC heap before
{Heap before GC invocations=4 (full 0):
 def new generation   total 4928K, used 4609K [0x04400000, 0x04950000, 0x09950000)
  eden space 4416K, 100% used [0x04400000, 0x04850000, 0x04850000)
  from space 512K,  37% used [0x04850000, 0x04880708, 0x048d0000)
  to   space 512K,   0% used [0x048d0000, 0x048d0000, 0x04950000)
 tenured generation   total 10944K, used 5404K [0x09950000, 0x0a400000, 0x14400000)
   the space 10944K,  49% used [0x09950000, 0x09e973b0, 0x09e97400, 0x0a400000)
 Metaspace       used 1997K, capacity 3299K, committed 3392K, reserved 4480K
Event: 16.370 GC heap after
Heap after GC invocations=5 (full 0):
 def new generation   total 4928K, used 396K [0x04400000, 0x04950000, 0x09950000)
  eden space 4416K,   0% used [0x04400000, 0x04400000, 0x04850000)
  from space 512K,  77% used [0x048d0000, 0x04933188, 0x04950000)
  to   space 512K,   0% used [0x04850000, 0x04850000, 0x048d0000)
 tenured generation   total 10944K, used 8128K [0x09950000, 0x0a400000, 0x14400000)
   the space 10944K,  74% used [0x09950000, 0x0a140000, 0x0a140000, 0x0a400000)
 Metaspace       used 1997K, capacity 3299K, committed 3392K, reserved 4480K
}
Event: 22.783 GC heap before
{Heap before GC invocations=5 (full 0):
 def new generation   total 4928K, used 4147K [0x04400000, 0x04950000, 0x09950000)
  eden space 4416K,  84% used [0x04400000, 0x047a9ca8, 0x04850000)
  from space 512K,  77% used [0x048d0000, 0x04933188, 0x04950000)
  to   space 512K,   0% used [0x04850000, 0x04850000, 0x048d0000)
 tenured generation   total 10944K, used 8128K [0x09950000, 0x0a400000, 0x14400000)
   the space 10944K,  74% used [0x09950000, 0x0a140000, 0x0a140000, 0x0a400000)
 Metaspace       used 2019K, capacity 3301K, committed 3392K, reserved 4480K
Event: 22.799 GC heap after
Heap after GC invocations=6 (full 1):
 def new generation   total 5184K, used 0K [0x04400000, 0x04990000, 0x09950000)
  eden space 4672K,   0% used [0x04400000, 0x04400000, 0x04890000)
  from space 512K,   0% used [0x04890000, 0x04890000, 0x04910000)
  to   space 512K,   0% used [0x04910000, 0x04910000, 0x04990000)
 tenured generation   total 11360K, used 6814K [0x09950000, 0x0a468000, 0x14400000)
   the space 11360K,  59% used [0x09950000, 0x09ff7858, 0x09ff7a00, 0x0a468000)
 Metaspace       used 2013K, capacity 3286K, committed 3392K, reserved 4480K
}
Event: 28.200 GC heap before
{Heap before GC invocations=6 (full 1):
 def new generation   total 5184K, used 4672K [0x04400000, 0x04990000, 0x09950000)
  eden space 4672K, 100% used [0x04400000, 0x04890000, 0x04890000)
  from space 512K,   0% used [0x04890000, 0x04890000, 0x04910000)
  to   space 512K,   0% used [0x04910000, 0x04910000, 0x04990000)
 tenured generation   total 19464K, used 14914K [0x09950000, 0x0ac52000, 0x14400000)
   the space 19464K,  76% used [0x09950000, 0x0a7e0868, 0x0a7e0a00, 0x0ac52000)
 Metaspace       used 2245K, capacity 3398K, committed 3520K, reserved 4480K
Event: 28.202 GC heap after
Heap after GC invocations=7 (full 1):
 def new generation   total 5184K, used 479K [0x04400000, 0x04990000, 0x09950000)
  eden space 4672K,   0% used [0x04400000, 0x04400000, 0x04890000)
  from space 512K,  93% used [0x04910000, 0x04987fb0, 0x04990000)
  to   space 512K,   0% used [0x04890000, 0x04890000, 0x04910000)
 tenured generation   total 19464K, used 14914K [0x09950000, 0x0ac52000, 0x14400000)
   the space 19464K,  76% used [0x09950000, 0x0a7e0868, 0x0a7e0a00, 0x0ac52000)
 Metaspace       used 2245K, capacity 3398K, committed 3520K, reserved 4480K
}

