# JRE version: Java(TM) SE Runtime Environment (8.0_172-b11) (build 1.8.0_172-b11)
# Java VM: Java HotSpot(TM) Client VM (25.172-b11 mixed mode, sharing windows-x86 )
Heap:
 def new generation   total 4992K, used 3912K [0x05200000, 0x05760000, 0x0a750000)
  eden space 4480K,  80% used [0x05200000, 0x05589880, 0x05660000)
  from space 512K,  56% used [0x056e0000, 0x05728a78, 0x05760000)
  to   space 512K,   0% used [0x05660000, 0x05660000, 0x056e0000)
 tenured generation   total 19048K, used 14156K [0x0a750000, 0x0b9ea000, 0x15200000)
   the space 19048K,  74% used [0x0a750000, 0x0b523120, 0x0b523200, 0x0b9ea000)
 Metaspace       used 2367K, capacity 3420K, committed 3520K, reserved 4480K
GC Heap History (10 events):
Event: 19.132 GC heap before
{Heap before GC invocations=4 (full 1):
 def new generation   total 4992K, used 4480K [0x05200000, 0x05760000, 0x0a750000)
  eden space 4480K, 100% used [0x05200000, 0x05660000, 0x05660000)
  from space 512K,   0% used [0x05660000, 0x05660000, 0x056e0000)
  to   space 512K,   0% used [0x056e0000, 0x056e0000, 0x05760000)
 tenured generation   total 19048K, used 13143K [0x0a750000, 0x0b9ea000, 0x15200000)
   the space 19048K,  69% used [0x0a750000, 0x0b425d78, 0x0b425e00, 0x0b9ea000)
 Metaspace       used 2137K, capacity 3368K, committed 3392K, reserved 4480K
Event: 19.137 GC heap after
Heap after GC invocations=5 (full 1):
 def new generation   total 4992K, used 363K [0x05200000, 0x05760000, 0x0a750000)
  eden space 4480K,   0% used [0x05200000, 0x05200000, 0x05660000)
  from space 512K,  70% used [0x056e0000, 0x0573ac30, 0x05760000)
  to   space 512K,   0% used [0x05660000, 0x05660000, 0x056e0000)
 tenured generation   total 19048K, used 13143K [0x0a750000, 0x0b9ea000, 0x15200000)
   the space 19048K,  69% used [0x0a750000, 0x0b425d78, 0x0b425e00, 0x0b9ea000)
 Metaspace       used 2137K, capacity 3368K, committed 3392K, reserved 4480K
}
Event: 50.416 GC heap before
{Heap before GC invocations=5 (full 1):
 def new generation   total 4992K, used 4843K [0x05200000, 0x05760000, 0x0a750000)
  eden space 4480K, 100% used [0x05200000, 0x05660000, 0x05660000)
  from space 512K,  70% used [0x056e0000, 0x0573ac30, 0x05760000)
  to   space 512K,   0% used [0x05660000, 0x05660000, 0x056e0000)
 tenured generation   total 19048K, used 13143K [0x0a750000, 0x0b9ea000, 0x15200000)
   the space 19048K,  69% used [0x0a750000, 0x0b425d78, 0x0b425e00, 0x0b9ea000)
 Metaspace       used 2322K, capacity 3376K, committed 3392K, reserved 4480K
Event: 50.420 GC heap after
Heap after GC invocations=6 (full 1):
 def new generation   total 4992K, used 232K [0x05200000, 0x05760000, 0x0a750000)
  eden space 4480K,   0% used [0x05200000, 0x05200000, 0x05660000)
  from space 512K,  45% used [0x05660000, 0x0569a048, 0x056e0000)
  to   space 512K,   0% used [0x056e0000, 0x056e0000, 0x05760000)
 tenured generation   total 19048K, used 13461K [0x0a750000, 0x0b9ea000, 0x15200000)
   the space 19048K,  70% used [0x0a750000, 0x0b475470, 0x0b475600, 0x0b9ea000)
 Metaspace       used 2322K, capacity 3376K, committed 3392K, reserved 4480K
}
Event: 53.681 GC heap before
{Heap before GC invocations=6 (full 1):
 def new generation   total 4992K, used 4712K [0x05200000, 0x05760000, 0x0a750000)
  eden space 4480K, 100% used [0x05200000, 0x05660000, 0x05660000)
  from space 512K,  45% used [0x05660000, 0x0569a048, 0x056e0000)
  to   space 512K,   0% used [0x056e0000, 0x056e0000, 0x05760000)
 tenured generation   total 19048K, used 13461K [0x0a750000, 0x0b9ea000, 0x15200000)
   the space 19048K,  70% used [0x0a750000, 0x0b475470, 0x0b475600, 0x0b9ea000)
 Metaspace       used 2337K, capacity 3408K, committed 3520K, reserved 4480K
Event: 53.682 GC heap after
Heap after GC invocations=7 (full 1):
 def new generation   total 4992K, used 512K [0x05200000, 0x05760000, 0x0a750000)
  eden space 4480K,   0% used [0x05200000, 0x05200000, 0x05660000)
  from space 512K, 100% used [0x056e0000, 0x05760000, 0x05760000)
  to   space 512K,   0% used [0x05660000, 0x05660000, 0x056e0000)
 tenured generation   total 19048K, used 13667K [0x0a750000, 0x0b9ea000, 0x15200000)
   the space 19048K,  71% used [0x0a750000, 0x0b4a8e78, 0x0b4a9000, 0x0b9ea000)
 Metaspace       used 2337K, capacity 3408K, committed 3520K, reserved 4480K
}
Event: 70.291 GC heap before
{Heap before GC invocations=7 (full 1):
 def new generation   total 4992K, used 4992K [0x05200000, 0x05760000, 0x0a750000)
  eden space 4480K, 100% used [0x05200000, 0x05660000, 0x05660000)
  from space 512K, 100% used [0x056e0000, 0x05760000, 0x05760000)
  to   space 512K,   0% used [0x05660000, 0x05660000, 0x056e0000)
 tenured generation   total 19048K, used 13667K [0x0a750000, 0x0b9ea000, 0x15200000)
   the space 19048K,  71% used [0x0a750000, 0x0b4a8e78, 0x0b4a9000, 0x0b9ea000)
 Metaspace       used 2363K, capacity 3413K, committed 3520K, reserved 4480K
Event: 70.295 GC heap after
Heap after GC invocations=8 (full 1):
 def new generation   total 4992K, used 233K [0x05200000, 0x05760000, 0x0a750000)
  eden space 4480K,   0% used [0x05200000, 0x05200000, 0x05660000)
  from space 512K,  45% used [0x05660000, 0x0569a760, 0x056e0000)
  to   space 512K,   0% used [0x056e0000, 0x056e0000, 0x05760000)
 tenured generation   total 19048K, used 14156K [0x0a750000, 0x0b9ea000, 0x15200000)
   the space 19048K,  74% used [0x0a750000, 0x0b523120, 0x0b523200, 0x0b9ea000)
 Metaspace       used 2363K, capacity 3413K, committed 3520K, reserved 4480K
}
Event: 101.799 GC heap before
{Heap before GC invocations=8 (full 1):
 def new generation   total 4992K, used 4713K [0x05200000, 0x05760000, 0x0a750000)
  eden space 4480K, 100% used [0x05200000, 0x05660000, 0x05660000)
  from space 512K,  45% used [0x05660000, 0x0569a760, 0x056e0000)
  to   space 512K,   0% used [0x056e0000, 0x056e0000, 0x05760000)
 tenured generation   total 19048K, used 14156K [0x0a750000, 0x0b9ea000, 0x15200000)
   the space 19048K,  74% used [0x0a750000, 0x0b523120, 0x0b523200, 0x0b9ea000)
 Metaspace       used 2366K, capacity 3418K, committed 3520K, reserved 4480K
Event: 101.801 GC heap after
Heap after GC invocations=9 (full 1):
 def new generation   total 4992K, used 290K [0x05200000, 0x05760000, 0x0a750000)
  eden space 4480K,   0% used [0x05200000, 0x05200000, 0x05660000)
  from space 512K,  56% used [0x056e0000, 0x05728a78, 0x05760000)
  to   space 512K,   0% used [0x05660000, 0x05660000, 0x056e0000)
 tenured generation   total 19048K, used 14156K [0x0a750000, 0x0b9ea000, 0x15200000)
   the space 19048K,  74% used [0x0a750000, 0x0b523120, 0x0b523200, 0x0b9ea000)
 Metaspace       used 2366K, capacity 3418K, committed 3520K, reserved 4480K
}

